2022-11-17 16:35:51,828 INFO sqlalchemy.engine.Engine select pg_catalog.version()
2022-11-17 16:35:51,828 INFO sqlalchemy.engine.Engine [raw sql] {}
2022-11-17 16:35:52,258 INFO sqlalchemy.engine.Engine select current_schema()
2022-11-17 16:35:52,258 INFO sqlalchemy.engine.Engine [raw sql] {}
2022-11-17 16:35:52,864 INFO sqlalchemy.engine.Engine show standard_conforming_strings
2022-11-17 16:35:52,864 INFO sqlalchemy.engine.Engine [raw sql] {}
2022-11-17 16:35:53,158 INFO sqlalchemy.engine.Engine 
        SELECT  sg.uuid,
                sg.country,
                sg.source,
                sg.giga_school_id,
                sg.source_school_id,
                sg.school_name,
                sg.latitude,
                sg.longitude,
                sg.hex8,
                sg.dq_score,
                sg.duplicate,
                sg.source_timestamp,
                sg.master_timestamp,
                sg.school_archive,
                sg.student_count,
                sg.computer_availability,
                sg.school_type,
                sg.school_region,
                sg.internet_availability,
                sg.internet_speed_mbps,
                di.district_code,
                di.district_name,
                di.municipality_code,
                di.municipality_name,
                di.microregion_code,
                di.microregion_name,
                di.mesoregion_code,
                di.mesoregion_name,
                di.state_code,
                di.state_name,
                di.state_abbreviation,
                di.region_code,
                di.region_name
        FROM unicef.school_giga sg
        INNER JOIN unicef.district_ibge di ON sg.district_code = di.district_code;
    
2022-11-17 16:35:53,158 INFO sqlalchemy.engine.Engine [raw sql] {}
Fitting 10 folds for each of 6 candidates, totalling 60 fits
SPLIT #0
Train accuracy: 0.8967
Valid accuracy: 0.8667

SPLIT #1
Train accuracy: 0.8968
Valid accuracy: 0.8723

SPLIT #2
Train accuracy: 0.8970
Valid accuracy: 0.8727

SPLIT #3
Train accuracy: 0.8960
Valid accuracy: 0.8800

SPLIT #4
Train accuracy: 0.8960
Valid accuracy: 0.8742

SPLIT #5
Train accuracy: 0.8959
Valid accuracy: 0.8722

SPLIT #6
Train accuracy: 0.8969
Valid accuracy: 0.8654

SPLIT #7
Train accuracy: 0.8960
Valid accuracy: 0.8675

SPLIT #8
Train accuracy: 0.8958
Valid accuracy: 0.8742

SPLIT #9
Train accuracy: 0.8974
Valid accuracy: 0.8626

CROSS-VALIDATION
Train accuracy: 0.8965 ± 0.0006
Valid accuracy: 0.8708 ± 0.0049
Test accuracy: 0.8738